Arguments: 
  D:\work\nodeJs\node.exe D:\work\yarn\bin\yarn.js add parcel-bundler parcel-plugin-vue babel-preset-env -D

PATH: 
  C:\Users\Administrator\AppData\Roaming\npm;D:\work\nodeJs\;C:\Ruby24-x64\bin;C:\Program Files (x86)\Intel\Intel(R) Management Engine Components\iCLS\;C:\Program Files\Intel\Intel(R) Management Engine Components\iCLS\;C:\Windows\system32;C:\Windows;C:\Windows\System32\Wbem;C:\Windows\System32\WindowsPowerShell\v1.0\;C:\Program Files (x86)\Intel\Intel(R) Management Engine Components\DAL;C:\Program Files\Intel\Intel(R) Management Engine Components\DAL;C:\Program Files (x86)\Intel\Intel(R) Management Engine Components\IPT;C:\Program Files\Intel\Intel(R) Management Engine Components\IPT;C:\Program Files (x86)\NVIDIA Corporation\PhysX\Common;D:\work\nodeJs\;D:\work\yarn\bin;C:\Users\Administrator\AppData\Local\Microsoft\WindowsApps;C:\Users\Administrator\AppData\Roaming\npm;C:\Users\Administrator\AppData\Local\GitHubDesktop\bin;C:\Users\Administrator\AppData\Local\Yarn\bin

Yarn version: 
  1.3.2

Node version: 
  8.9.4

Platform: 
  win32 x64

npm manifest: 
  {
    "name": "MyVue",
    "version": "1.0.0",
    "main": "index.js.js",
    "license": "MIT",
    "scripts": {
      "dev": "parcel index.js.html",
      "build": "parcel build index.js.html"
    },
    "dependencies": {
      "vue": "^2.5.13"
    },
    "devDependencies": {}
  }

yarn manifest: 
  No manifest

Lockfile: 
  # THIS IS AN AUTOGENERATED FILE. DO NOT EDIT THIS FILE DIRECTLY.
  # yarn lockfile v1
  
  
  vue@^2.5.13:
    version "2.5.13"
    resolved "https://registry.yarnpkg.com/vue/-/vue-2.5.13.tgz#95bd31e20efcf7a7f39239c9aa6787ce8cf578e1"

Trace: 
  Error: connect ETIMEDOUT 104.16.60.173:443
      at Object._errnoException (util.js:1022:11)
      at _exceptionWithHostPort (util.js:1044:20)
      at TCPConnectWrap.afterConnect [as oncomplete] (net.js:1182:14)
